<?xml version="1.0" encoding="UTF-8"?>
<!-- Generated by org.testng.reporters.JUnitReportReporter -->
<testsuite hostname="D-113194529" failures="0" tests="1" name="APILearning.TC005_Get_Request" time="2.453" errors="0" timestamp="2020-06-02T14:00:45 IST" skipped="0">
  <testcase classname="APILearning.TC005_Get_Request" name="GetWeatherdetails" time="2.453"/>
  <system-out/>
</testsuite> <!-- APILearning.TC005_Get_Request -->
