<?xml version="1.0" encoding="UTF-8"?>
<!-- Generated by org.testng.reporters.JUnitReportReporter -->
<testsuite hostname="D-113194529" failures="0" tests="1" name="APILearning.TC004_Get_Request" time="2.473" errors="0" timestamp="2020-06-02T13:31:52 IST" skipped="0">
  <testcase classname="APILearning.TC004_Get_Request" name="GetWeatherdetails" time="2.473"/>
  <system-out/>
</testsuite> <!-- APILearning.TC004_Get_Request -->
