<?xml version="1.0" encoding="UTF-8"?>
<!-- Generated by org.testng.reporters.JUnitReportReporter -->
<testsuite hostname="D-113194529" failures="0" tests="1" name="APILearning.TC003_Get_Request" time="0.649" errors="0" timestamp="2020-06-01T11:24:02 IST" skipped="0">
  <testcase classname="APILearning.TC003_Get_Request" name="googleMapTest" time="0.649"/>
  <system-out/>
</testsuite> <!-- APILearning.TC003_Get_Request -->
