<?xml version="1.0" encoding="UTF-8"?>
<!-- Generated by org.testng.reporters.JUnitReportReporter -->
<testsuite hostname="D-113194529" failures="0" tests="1" name="APILearning.TC001_Get_Request" time="3.250" errors="0" timestamp="2020-05-29T17:46:22 IST" skipped="0">
  <testcase classname="APILearning.TC001_Get_Request" name="Get_all_employee_data" time="3.250"/>
  <system-out/>
</testsuite> <!-- APILearning.TC001_Get_Request -->
